2024-06-21 12:57:53,667 - Rotating Log - ERROR - Connection to Laser Marker failed: [WinError 10061] No connection could be made because the target machine actively refused it
2024-06-21 12:59:48,480 - Rotating Log - ERROR - Connection to Laser Marker failed: [WinError 10061] No connection could be made because the target machine actively refused it
2024-06-21 13:00:58,372 - Rotating Log - ERROR - Connection to Laser Marker failed: [WinError 10061] No connection could be made because the target machine actively refused it
2024-06-21 13:01:20,554 - Rotating Log - ERROR - Emergency Stop Used!
2024-06-21 13:01:20,613 - Rotating Log - ERROR - Emergency Stop Done!
2024-06-21 13:01:20,741 - Rotating Log - ERROR - Emergency Stop Done!
2024-06-21 13:02:58,749 - Rotating Log - ERROR - Connection to Laser Marker failed: [WinError 10061] No connection could be made because the target machine actively refused it
2024-06-21 13:04:58,575 - Rotating Log - ERROR - Emergency Stop Used!
2024-06-21 13:04:58,611 - Rotating Log - ERROR - Emergency Stop Done!
2024-06-21 13:04:58,739 - Rotating Log - ERROR - Emergency Stop Done!
2024-06-21 13:05:02,514 - Rotating Log - ERROR - Connection to Laser Marker failed: [WinError 10061] No connection could be made because the target machine actively refused it
2024-06-21 13:05:13,989 - Rotating Log - ERROR - Connection to Laser Marker failed: [WinError 10061] No connection could be made because the target machine actively refused it
2024-06-21 13:05:50,025 - Rotating Log - ERROR - Connection to Laser Marker failed: [WinError 10061] No connection could be made because the target machine actively refused it
2024-06-21 13:06:08,430 - Rotating Log - ERROR - Connection to Laser Marker failed: [WinError 10061] No connection could be made because the target machine actively refused it
2024-06-21 13:11:18,958 - Rotating Log - ERROR - Emergency Stop Used!
2024-06-21 13:11:19,006 - Rotating Log - ERROR - Emergency Stop Done!
2024-06-21 13:11:19,134 - Rotating Log - ERROR - Emergency Stop Done!
2024-06-21 13:11:22,522 - Rotating Log - ERROR - Connection to Laser Marker failed: [WinError 10061] No connection could be made because the target machine actively refused it
2024-06-21 13:12:02,051 - Rotating Log - ERROR - Connection to Laser Marker failed: [WinError 10061] No connection could be made because the target machine actively refused it
2024-06-21 13:12:18,064 - Rotating Log - ERROR - Connection to Laser Marker failed: [WinError 10061] No connection could be made because the target machine actively refused it
2024-06-21 13:12:55,956 - Rotating Log - ERROR - Connection to Laser Marker failed: [WinError 10061] No connection could be made because the target machine actively refused it
2024-06-21 13:15:28,995 - Rotating Log - ERROR - Connection to Laser Marker failed: [WinError 10061] No connection could be made because the target machine actively refused it
2024-06-21 13:16:52,994 - Rotating Log - ERROR - Connection to Laser Marker failed: [WinError 10061] No connection could be made because the target machine actively refused it
2024-06-21 13:17:52,088 - Rotating Log - ERROR - Connection to Laser Marker failed: [WinError 10061] No connection could be made because the target machine actively refused it
2024-06-21 13:18:57,005 - Rotating Log - ERROR - Connection to Laser Marker failed: [WinError 10061] No connection could be made because the target machine actively refused it
2024-06-21 13:19:57,985 - Rotating Log - ERROR - Connection to Laser Marker failed: [WinError 10061] No connection could be made because the target machine actively refused it
2024-06-21 13:20:23,060 - Rotating Log - ERROR - Emergency Stop Used!
2024-06-21 13:20:23,094 - Rotating Log - ERROR - Emergency Stop Done!
2024-06-21 13:20:23,222 - Rotating Log - ERROR - Emergency Stop Done!
2024-06-21 13:20:35,035 - Rotating Log - ERROR - Connection to Laser Marker failed: [WinError 10061] No connection could be made because the target machine actively refused it
2024-06-21 13:21:07,937 - Rotating Log - ERROR - Connection to Laser Marker failed: [WinError 10061] No connection could be made because the target machine actively refused it
2024-06-21 13:21:50,656 - Rotating Log - ERROR - Connection to Laser Marker failed: [WinError 10061] No connection could be made because the target machine actively refused it
2024-06-21 13:22:35,356 - Rotating Log - ERROR - Emergency Stop Used!
2024-06-21 13:22:35,395 - Rotating Log - ERROR - Emergency Stop Done!
2024-06-21 13:22:35,522 - Rotating Log - ERROR - Emergency Stop Done!
2024-06-21 13:22:43,422 - Rotating Log - ERROR - Connection to Laser Marker failed: [WinError 10061] No connection could be made because the target machine actively refused it
2024-06-21 13:32:36,973 - Rotating Log - ERROR - Connection to Laser Marker failed: [WinError 10061] No connection could be made because the target machine actively refused it
2024-06-21 13:32:54,289 - Rotating Log - ERROR - Connection to Laser Marker failed: [WinError 10061] No connection could be made because the target machine actively refused it
2024-06-21 13:34:33,241 - Rotating Log - ERROR - Emergency Stop Used!
2024-06-21 13:34:33,279 - Rotating Log - ERROR - Emergency Stop Done!
2024-06-21 13:34:33,407 - Rotating Log - ERROR - Emergency Stop Done!
2024-06-21 13:34:36,748 - Rotating Log - ERROR - Connection to Laser Marker failed: [WinError 10061] No connection could be made because the target machine actively refused it
2024-06-21 13:34:48,288 - Rotating Log - ERROR - Emergency Stop Used!
2024-06-21 13:34:48,340 - Rotating Log - ERROR - Emergency Stop Done!
2024-06-21 13:34:48,452 - Rotating Log - ERROR - Emergency Stop Done!
2024-06-21 13:35:27,434 - Rotating Log - ERROR - Connection to Laser Marker failed: [WinError 10061] No connection could be made because the target machine actively refused it
2024-06-21 13:35:49,645 - Rotating Log - ERROR - Emergency Stop Used!
2024-06-21 13:35:49,685 - Rotating Log - ERROR - Emergency Stop Done!
2024-06-21 13:35:49,812 - Rotating Log - ERROR - Emergency Stop Done!
2024-06-21 13:36:05,340 - Rotating Log - ERROR - Connection to Laser Marker failed: [WinError 10061] No connection could be made because the target machine actively refused it
2024-06-21 13:36:11,642 - Rotating Log - ERROR - Emergency Stop Used!
2024-06-21 13:36:11,673 - Rotating Log - ERROR - Emergency Stop Done!
2024-06-21 13:36:11,801 - Rotating Log - ERROR - Emergency Stop Done!
2024-06-21 13:36:19,058 - Rotating Log - ERROR - Connection to Laser Marker failed: [WinError 10061] No connection could be made because the target machine actively refused it
2024-06-21 13:36:22,741 - Rotating Log - ERROR - Emergency Stop Used!
2024-06-21 13:36:22,772 - Rotating Log - ERROR - Emergency Stop Done!
2024-06-21 13:36:22,900 - Rotating Log - ERROR - Emergency Stop Done!
2024-06-21 13:37:00,613 - Rotating Log - ERROR - Connection to Laser Marker failed: [WinError 10061] No connection could be made because the target machine actively refused it
2024-06-21 13:38:31,144 - Rotating Log - ERROR - Connection to Laser Marker failed: [WinError 10061] No connection could be made because the target machine actively refused it
2024-06-21 13:38:45,040 - Rotating Log - ERROR - Emergency Stop Used!
2024-06-21 13:38:45,077 - Rotating Log - ERROR - Emergency Stop Done!
2024-06-21 13:38:45,204 - Rotating Log - ERROR - Emergency Stop Done!
2024-06-21 13:38:46,228 - Rotating Log - ERROR - Emergency Stop Used!
2024-06-21 13:38:46,259 - Rotating Log - ERROR - Emergency Stop Done!
2024-06-21 13:38:46,387 - Rotating Log - ERROR - Emergency Stop Done!
2024-06-21 13:39:10,711 - Rotating Log - ERROR - Connection to Laser Marker failed: [WinError 10061] No connection could be made because the target machine actively refused it
2024-06-21 13:39:24,901 - Rotating Log - ERROR - Emergency Stop Used!
2024-06-21 13:39:24,941 - Rotating Log - ERROR - Emergency Stop Done!
2024-06-21 13:39:25,069 - Rotating Log - ERROR - Emergency Stop Done!
2024-06-21 13:39:43,636 - Rotating Log - ERROR - Connection to Laser Marker failed: [WinError 10061] No connection could be made because the target machine actively refused it
2024-06-21 13:40:04,082 - Rotating Log - ERROR - Connection to Laser Marker failed: [WinError 10061] No connection could be made because the target machine actively refused it
2024-06-21 13:40:55,410 - Rotating Log - ERROR - Connection to Laser Marker failed: [WinError 10061] No connection could be made because the target machine actively refused it
2024-06-21 13:41:03,977 - Rotating Log - ERROR - Emergency Stop Used!
2024-06-21 13:41:04,015 - Rotating Log - ERROR - Emergency Stop Done!
2024-06-21 13:42:23,104 - Rotating Log - ERROR - Connection to Laser Marker failed: [WinError 10061] No connection could be made because the target machine actively refused it
2024-06-21 13:42:27,870 - Rotating Log - ERROR - Emergency Stop Used!
2024-06-21 13:42:27,907 - Rotating Log - ERROR - Emergency Stop Done!
2024-06-21 13:42:28,035 - Rotating Log - ERROR - Emergency Stop Done!
2024-06-21 13:42:51,821 - Rotating Log - ERROR - Connection to Laser Marker failed: [WinError 10061] No connection could be made because the target machine actively refused it
2024-06-21 13:42:57,676 - Rotating Log - ERROR - Emergency Stop Used!
2024-06-21 13:42:57,720 - Rotating Log - ERROR - Emergency Stop Done!
2024-06-21 13:42:57,848 - Rotating Log - ERROR - Emergency Stop Done!
2024-06-21 13:43:15,869 - Rotating Log - ERROR - Connection to Laser Marker failed: [WinError 10061] No connection could be made because the target machine actively refused it
2024-06-21 13:43:29,049 - Rotating Log - ERROR - Emergency Stop Used!
2024-06-21 13:43:29,094 - Rotating Log - ERROR - Emergency Stop Done!
2024-06-21 13:43:29,221 - Rotating Log - ERROR - Emergency Stop Done!
2024-06-21 13:43:50,091 - Rotating Log - ERROR - Connection to Laser Marker failed: [WinError 10061] No connection could be made because the target machine actively refused it
2024-06-21 13:43:55,809 - Rotating Log - ERROR - Emergency Stop Used!
2024-06-21 13:43:55,849 - Rotating Log - ERROR - Emergency Stop Done!
2024-06-21 13:43:55,978 - Rotating Log - ERROR - Emergency Stop Done!
2024-06-21 13:44:43,243 - Rotating Log - ERROR - Connection to Laser Marker failed: [WinError 10061] No connection could be made because the target machine actively refused it
2024-06-21 13:45:23,467 - Rotating Log - ERROR - Emergency Stop Used!
2024-06-21 13:45:23,495 - Rotating Log - ERROR - Emergency Stop Done!
2024-06-21 13:45:23,623 - Rotating Log - ERROR - Emergency Stop Done!
2024-06-21 13:46:16,842 - Rotating Log - ERROR - Connection to Laser Marker failed: [WinError 10061] No connection could be made because the target machine actively refused it
2024-06-21 13:46:21,288 - Rotating Log - ERROR - Emergency Stop Used!
2024-06-21 13:46:21,331 - Rotating Log - ERROR - Emergency Stop Done!
2024-06-21 13:46:21,459 - Rotating Log - ERROR - Emergency Stop Done!
2024-06-21 13:46:29,920 - Rotating Log - ERROR - Connection to Laser Marker failed: [WinError 10061] No connection could be made because the target machine actively refused it
2024-06-21 13:46:38,714 - Rotating Log - ERROR - Emergency Stop Used!
2024-06-21 13:46:38,759 - Rotating Log - ERROR - Emergency Stop Done!
2024-06-21 13:46:38,887 - Rotating Log - ERROR - Emergency Stop Done!
2024-06-21 13:48:18,705 - Rotating Log - ERROR - Connection to Laser Marker failed: [WinError 10061] No connection could be made because the target machine actively refused it
2024-06-21 13:49:54,922 - Rotating Log - ERROR - Connection to Laser Marker failed: [WinError 10061] No connection could be made because the target machine actively refused it
2024-06-21 13:50:02,444 - Rotating Log - ERROR - Emergency Stop Used!
2024-06-21 13:50:02,485 - Rotating Log - ERROR - Emergency Stop Done!
2024-06-21 13:50:02,613 - Rotating Log - ERROR - Emergency Stop Done!
2024-06-21 13:50:09,273 - Rotating Log - ERROR - Connection to Laser Marker failed: [WinError 10061] No connection could be made because the target machine actively refused it
2024-06-21 13:50:19,966 - Rotating Log - ERROR - Emergency Stop Used!
2024-06-21 13:50:20,010 - Rotating Log - ERROR - Emergency Stop Done!
2024-06-21 13:50:20,138 - Rotating Log - ERROR - Emergency Stop Done!
2024-06-21 13:51:01,304 - Rotating Log - ERROR - Connection to Laser Marker failed: [WinError 10061] No connection could be made because the target machine actively refused it
2024-06-21 13:51:15,889 - Rotating Log - ERROR - Connection to Laser Marker failed: [WinError 10061] No connection could be made because the target machine actively refused it
2024-06-21 13:51:39,825 - Rotating Log - ERROR - Connection to Laser Marker failed: [WinError 10061] No connection could be made because the target machine actively refused it
2024-06-21 13:53:40,666 - Rotating Log - ERROR - Connection to Laser Marker failed: [WinError 10061] No connection could be made because the target machine actively refused it
2024-06-21 13:53:45,743 - Rotating Log - ERROR - Emergency Stop Used!
2024-06-21 13:53:45,784 - Rotating Log - ERROR - Emergency Stop Done!
2024-06-21 13:53:45,912 - Rotating Log - ERROR - Emergency Stop Done!
2024-06-21 13:53:54,368 - Rotating Log - ERROR - Connection to Laser Marker failed: [WinError 10061] No connection could be made because the target machine actively refused it
2024-06-21 13:54:05,871 - Rotating Log - ERROR - Emergency Stop Used!
2024-06-21 13:54:05,915 - Rotating Log - ERROR - Emergency Stop Done!
2024-06-21 13:54:06,042 - Rotating Log - ERROR - Emergency Stop Done!
2024-06-21 13:54:07,075 - Rotating Log - ERROR - Emergency Stop Used!
2024-06-21 13:54:07,114 - Rotating Log - ERROR - Emergency Stop Done!
2024-06-21 13:54:07,242 - Rotating Log - ERROR - Emergency Stop Done!
2024-06-21 13:55:31,791 - Rotating Log - ERROR - Connection to Laser Marker failed: [WinError 10061] No connection could be made because the target machine actively refused it
2024-06-21 13:55:58,773 - Rotating Log - ERROR - Exception occured at Hypot execution: (-2147192831, None, ('ARI38XX: Instrument error detected.  Use ErrorQuery() to determine error(s).', 'ARI38XX.ARI38XX.1', None, 0, None))
2024-06-21 13:56:03,854 - Rotating Log - ERROR - Exception occured at Hypot execution: (-2147192831, None, ('ARI38XX: Instrument error detected.  Use ErrorQuery() to determine error(s).', 'ARI38XX.ARI38XX.1', None, 0, None))
2024-06-21 13:56:20,556 - Rotating Log - ERROR - Emergency Stop Used!
2024-06-21 13:56:20,593 - Rotating Log - ERROR - Emergency Stop Done!
2024-06-21 13:56:20,721 - Rotating Log - ERROR - Emergency Stop Done!
2024-06-21 13:56:49,915 - Rotating Log - ERROR - Connection to Laser Marker failed: [WinError 10061] No connection could be made because the target machine actively refused it
2024-06-21 13:57:55,808 - Rotating Log - ERROR - Emergency Stop Used!
2024-06-21 13:57:55,849 - Rotating Log - ERROR - Emergency Stop Done!
2024-06-21 13:57:55,977 - Rotating Log - ERROR - Emergency Stop Done!
2024-06-21 13:57:56,399 - Rotating Log - ERROR - Emergency Stop Used!
2024-06-21 13:57:56,441 - Rotating Log - ERROR - Emergency Stop Done!
2024-06-21 13:57:56,569 - Rotating Log - ERROR - Emergency Stop Done!
2024-06-21 13:58:15,444 - Rotating Log - ERROR - Connection to Laser Marker failed: [WinError 10061] No connection could be made because the target machine actively refused it
2024-06-21 13:58:21,311 - Rotating Log - ERROR - Emergency Stop Used!
2024-06-21 13:58:21,357 - Rotating Log - ERROR - Emergency Stop Done!
2024-06-21 13:58:21,485 - Rotating Log - ERROR - Emergency Stop Done!
2024-06-21 13:58:30,108 - Rotating Log - ERROR - Connection to Laser Marker failed: [WinError 10061] No connection could be made because the target machine actively refused it
2024-06-21 13:59:55,237 - Rotating Log - ERROR - Exception occured at Hypot execution: (-2147192831, None, ('ARI38XX: Instrument error detected.  Use ErrorQuery() to determine error(s).', 'ARI38XX.ARI38XX.1', None, 0, None))
2024-06-21 14:00:00,270 - Rotating Log - ERROR - Exception occured at Hypot execution: (-2147192831, None, ('ARI38XX: Instrument error detected.  Use ErrorQuery() to determine error(s).', 'ARI38XX.ARI38XX.1', None, 0, None))
2024-06-21 14:00:04,250 - Rotating Log - ERROR - Exception occured at Hypot execution: (-2147192831, None, ('ARI38XX: Instrument error detected.  Use ErrorQuery() to determine error(s).', 'ARI38XX.ARI38XX.1', None, 0, None))
2024-06-21 14:00:06,935 - Rotating Log - ERROR - Exception occured at Hypot execution: (-2147192831, None, ('ARI38XX: Instrument error detected.  Use ErrorQuery() to determine error(s).', 'ARI38XX.ARI38XX.1', None, 0, None))
2024-06-21 14:02:07,206 - Rotating Log - ERROR - Connection to Laser Marker failed: [WinError 10061] No connection could be made because the target machine actively refused it
2024-06-21 14:05:26,118 - Rotating Log - ERROR - Emergency Stop Used!
2024-06-21 14:05:26,150 - Rotating Log - ERROR - Emergency Stop Done!
2024-06-21 14:05:26,278 - Rotating Log - ERROR - Emergency Stop Done!
2024-06-21 14:05:29,904 - Rotating Log - ERROR - Connection to Laser Marker failed: [WinError 10061] No connection could be made because the target machine actively refused it
2024-06-21 14:05:55,824 - Rotating Log - ERROR - Emergency Stop Used!
2024-06-21 14:05:55,853 - Rotating Log - ERROR - Emergency Stop Done!
2024-06-21 14:05:55,981 - Rotating Log - ERROR - Emergency Stop Done!
2024-06-21 14:06:29,258 - Rotating Log - ERROR - Connection to Laser Marker failed: [WinError 10061] No connection could be made because the target machine actively refused it
2024-06-21 14:07:07,502 - Rotating Log - ERROR - Exception occured at Hypot execution: (-2147192831, None, ('ARI38XX: Instrument error detected.  Use ErrorQuery() to determine error(s).', 'ARI38XX.ARI38XX.1', None, 0, None))
2024-06-21 14:07:12,583 - Rotating Log - ERROR - Exception occured at Hypot execution: (-2147192831, None, ('ARI38XX: Instrument error detected.  Use ErrorQuery() to determine error(s).', 'ARI38XX.ARI38XX.1', None, 0, None))
2024-06-21 14:07:16,547 - Rotating Log - ERROR - Exception occured at Hypot execution: (-2147192831, None, ('ARI38XX: Instrument error detected.  Use ErrorQuery() to determine error(s).', 'ARI38XX.ARI38XX.1', None, 0, None))
2024-06-21 14:07:19,248 - Rotating Log - ERROR - Exception occured at Hypot execution: (-2147192831, None, ('ARI38XX: Instrument error detected.  Use ErrorQuery() to determine error(s).', 'ARI38XX.ARI38XX.1', None, 0, None))
2024-06-21 14:08:57,276 - Rotating Log - ERROR - Emergency Stop Used!
2024-06-21 14:08:57,319 - Rotating Log - ERROR - Emergency Stop Done!
2024-06-21 14:08:57,447 - Rotating Log - ERROR - Emergency Stop Done!
2024-06-21 14:09:00,681 - Rotating Log - ERROR - Connection to Laser Marker failed: [WinError 10061] No connection could be made because the target machine actively refused it
2024-06-21 14:09:04,864 - Rotating Log - ERROR - Exception occured at Hypot execution: (-2147192831, None, ('ARI38XX: Instrument error detected.  Use ErrorQuery() to determine error(s).', 'ARI38XX.ARI38XX.1', None, 0, None))
2024-06-21 14:09:09,961 - Rotating Log - ERROR - Exception occured at Hypot execution: (-2147192831, None, ('ARI38XX: Instrument error detected.  Use ErrorQuery() to determine error(s).', 'ARI38XX.ARI38XX.1', None, 0, None))
2024-06-21 14:09:13,957 - Rotating Log - ERROR - Exception occured at Hypot execution: (-2147192831, None, ('ARI38XX: Instrument error detected.  Use ErrorQuery() to determine error(s).', 'ARI38XX.ARI38XX.1', None, 0, None))
2024-06-21 14:09:16,658 - Rotating Log - ERROR - Exception occured at Hypot execution: (-2147192831, None, ('ARI38XX: Instrument error detected.  Use ErrorQuery() to determine error(s).', 'ARI38XX.ARI38XX.1', None, 0, None))
2024-06-21 14:09:57,267 - Rotating Log - ERROR - Emergency Stop Used!
2024-06-21 14:09:57,297 - Rotating Log - ERROR - Emergency Stop Done!
2024-06-21 14:09:57,424 - Rotating Log - ERROR - Emergency Stop Done!
2024-06-21 14:10:00,768 - Rotating Log - ERROR - Connection to Laser Marker failed: [WinError 10061] No connection could be made because the target machine actively refused it
2024-06-21 14:10:04,894 - Rotating Log - ERROR - Exception occured at Hypot execution: (-2147192831, None, ('ARI38XX: Instrument error detected.  Use ErrorQuery() to determine error(s).', 'ARI38XX.ARI38XX.1', None, 0, None))
2024-06-21 14:10:09,991 - Rotating Log - ERROR - Exception occured at Hypot execution: (-2147192831, None, ('ARI38XX: Instrument error detected.  Use ErrorQuery() to determine error(s).', 'ARI38XX.ARI38XX.1', None, 0, None))
2024-06-21 14:10:13,971 - Rotating Log - ERROR - Exception occured at Hypot execution: (-2147192831, None, ('ARI38XX: Instrument error detected.  Use ErrorQuery() to determine error(s).', 'ARI38XX.ARI38XX.1', None, 0, None))
2024-06-21 14:10:16,672 - Rotating Log - ERROR - Exception occured at Hypot execution: (-2147192831, None, ('ARI38XX: Instrument error detected.  Use ErrorQuery() to determine error(s).', 'ARI38XX.ARI38XX.1', None, 0, None))
2024-06-21 14:48:07,101 - Rotating Log - ERROR - Connection to Laser Marker failed: [WinError 10061] No connection could be made because the target machine actively refused it
2024-06-21 14:51:49,321 - Rotating Log - ERROR - Connection to Laser Marker failed: [WinError 10061] No connection could be made because the target machine actively refused it
2024-06-21 14:52:02,467 - Rotating Log - ERROR - Emergency Stop Used!
2024-06-21 14:52:02,502 - Rotating Log - ERROR - Emergency Stop Done!
2024-06-21 14:52:02,630 - Rotating Log - ERROR - Emergency Stop Done!
2024-06-21 14:52:34,345 - Rotating Log - ERROR - Connection to Laser Marker failed: [WinError 10061] No connection could be made because the target machine actively refused it
2024-06-21 14:52:50,606 - Rotating Log - ERROR - Emergency Stop Used!
2024-06-21 14:52:50,653 - Rotating Log - ERROR - Emergency Stop Done!
2024-06-21 14:52:50,780 - Rotating Log - ERROR - Emergency Stop Done!
2024-06-21 14:53:19,136 - Rotating Log - ERROR - Connection to Laser Marker failed: [WinError 10061] No connection could be made because the target machine actively refused it
2024-06-21 14:53:36,224 - Rotating Log - ERROR - Emergency Stop Used!
2024-06-21 14:53:36,275 - Rotating Log - ERROR - Emergency Stop Done!
2024-06-21 14:53:36,387 - Rotating Log - ERROR - Emergency Stop Done!
2024-06-21 14:54:03,872 - Rotating Log - ERROR - Connection to Laser Marker failed: [WinError 10061] No connection could be made because the target machine actively refused it
2024-06-21 14:54:43,398 - Rotating Log - ERROR - Emergency Stop Used!
2024-06-21 14:54:43,446 - Rotating Log - ERROR - Emergency Stop Done!
2024-06-21 14:54:43,574 - Rotating Log - ERROR - Emergency Stop Done!
2024-06-21 14:59:56,690 - root - INFO - Serial number: AQ03JGPEA Located at: COM3
2024-06-21 14:59:56,693 - root - INFO - Serial number: B0007EEKA Located at: COM4
2024-06-21 14:59:56,697 - root - INFO - Serial number: B0007BEKA Located at: COM5
2024-06-21 14:59:58,564 - root - ERROR - Emergency Stop Used!
2024-06-21 14:59:58,605 - root - ERROR - Emergency Stop Done!
2024-06-21 14:59:58,733 - root - ERROR - Emergency Stop Done!
2024-06-21 15:04:42,325 - Rotating Log - ERROR - Connection to Laser Marker failed: [WinError 10061] No connection could be made because the target machine actively refused it
2024-06-21 15:04:51,561 - Rotating Log - ERROR - Emergency Stop Used!
2024-06-21 15:04:51,604 - Rotating Log - ERROR - Emergency Stop Done!
2024-06-21 15:04:51,732 - Rotating Log - ERROR - Emergency Stop Done!
2024-06-21 15:05:12,191 - Rotating Log - ERROR - Connection to Laser Marker failed: [WinError 10061] No connection could be made because the target machine actively refused it
2024-06-21 15:05:30,042 - Rotating Log - ERROR - Emergency Stop Used!
2024-06-21 15:05:30,079 - Rotating Log - ERROR - Emergency Stop Done!
2024-06-21 15:05:30,206 - Rotating Log - ERROR - Emergency Stop Done!
2024-06-21 15:05:57,426 - Rotating Log - ERROR - Connection to Laser Marker failed: [WinError 10061] No connection could be made because the target machine actively refused it
2024-06-21 15:06:04,164 - Rotating Log - ERROR - Emergency Stop Used!
2024-06-21 15:06:04,208 - Rotating Log - ERROR - Emergency Stop Done!
2024-06-21 15:06:04,336 - Rotating Log - ERROR - Emergency Stop Done!
2024-06-21 15:06:23,924 - Rotating Log - ERROR - Connection to Laser Marker failed: [WinError 10061] No connection could be made because the target machine actively refused it
2024-06-21 15:06:33,425 - Rotating Log - ERROR - Emergency Stop Used!
2024-06-21 15:06:33,473 - Rotating Log - ERROR - Emergency Stop Done!
2024-06-21 15:06:33,601 - Rotating Log - ERROR - Emergency Stop Done!
2024-06-21 15:06:43,942 - Rotating Log - ERROR - Connection to Laser Marker failed: [WinError 10061] No connection could be made because the target machine actively refused it
2024-06-21 15:06:51,926 - Rotating Log - ERROR - Emergency Stop Used!
2024-06-21 15:06:51,975 - Rotating Log - ERROR - Emergency Stop Done!
2024-06-21 15:06:52,102 - Rotating Log - ERROR - Emergency Stop Done!
2024-06-21 15:07:02,375 - Rotating Log - ERROR - Connection to Laser Marker failed: [WinError 10061] No connection could be made because the target machine actively refused it
2024-06-21 15:07:09,351 - Rotating Log - ERROR - Emergency Stop Used!
2024-06-21 15:07:09,388 - Rotating Log - ERROR - Emergency Stop Done!
2024-06-21 15:07:09,516 - Rotating Log - ERROR - Emergency Stop Done!
2024-06-21 15:07:35,309 - Rotating Log - ERROR - Connection to Laser Marker failed: [WinError 10061] No connection could be made because the target machine actively refused it
2024-06-21 15:07:45,039 - Rotating Log - ERROR - Emergency Stop Used!
2024-06-21 15:07:45,067 - Rotating Log - ERROR - Emergency Stop Done!
2024-06-21 15:07:45,196 - Rotating Log - ERROR - Emergency Stop Done!
2024-06-21 15:07:58,170 - Rotating Log - ERROR - Connection to Laser Marker failed: [WinError 10061] No connection could be made because the target machine actively refused it
2024-06-21 15:08:11,519 - Rotating Log - ERROR - Emergency Stop Used!
2024-06-21 15:08:11,548 - Rotating Log - ERROR - Emergency Stop Done!
2024-06-21 15:08:11,676 - Rotating Log - ERROR - Emergency Stop Done!
2024-06-21 15:08:25,305 - Rotating Log - ERROR - Connection to Laser Marker failed: [WinError 10061] No connection could be made because the target machine actively refused it
2024-06-21 15:08:36,920 - Rotating Log - ERROR - Emergency Stop Used!
2024-06-21 15:08:36,971 - Rotating Log - ERROR - Emergency Stop Done!
2024-06-21 15:08:37,098 - Rotating Log - ERROR - Emergency Stop Done!
2024-06-21 15:08:50,380 - Rotating Log - ERROR - Connection to Laser Marker failed: [WinError 10061] No connection could be made because the target machine actively refused it
2024-06-21 15:08:59,465 - Rotating Log - ERROR - Emergency Stop Used!
2024-06-21 15:08:59,518 - Rotating Log - ERROR - Emergency Stop Done!
2024-06-21 15:08:59,630 - Rotating Log - ERROR - Emergency Stop Done!
2024-06-21 15:12:42,346 - Rotating Log - ERROR - Connection to Laser Marker failed: [WinError 10061] No connection could be made because the target machine actively refused it
2024-06-21 15:14:04,556 - Rotating Log - ERROR - Emergency Stop Used!
2024-06-21 15:14:04,592 - Rotating Log - ERROR - Emergency Stop Done!
2024-06-21 15:14:04,721 - Rotating Log - ERROR - Emergency Stop Done!
2024-06-21 15:14:35,301 - Rotating Log - ERROR - Connection to Laser Marker failed: [WinError 10061] No connection could be made because the target machine actively refused it
2024-06-21 15:15:33,469 - Rotating Log - ERROR - Emergency Stop Used!
2024-06-21 15:15:33,506 - Rotating Log - ERROR - Emergency Stop Done!
2024-06-21 15:15:33,634 - Rotating Log - ERROR - Emergency Stop Done!
2024-06-21 15:15:47,027 - Rotating Log - ERROR - Connection to Laser Marker failed: [WinError 10061] No connection could be made because the target machine actively refused it
2024-06-21 15:16:03,661 - Rotating Log - ERROR - Exception occured at Hypot execution: (-2147192831, None, ('ARI38XX: Instrument error detected.  Use ErrorQuery() to determine error(s).', 'ARI38XX.ARI38XX.1', None, 0, None))
2024-06-21 15:16:08,727 - Rotating Log - ERROR - Exception occured at Hypot execution: (-2147192831, None, ('ARI38XX: Instrument error detected.  Use ErrorQuery() to determine error(s).', 'ARI38XX.ARI38XX.1', None, 0, None))
2024-06-21 15:16:12,690 - Rotating Log - ERROR - Exception occured at Hypot execution: (-2147192831, None, ('ARI38XX: Instrument error detected.  Use ErrorQuery() to determine error(s).', 'ARI38XX.ARI38XX.1', None, 0, None))
2024-06-21 15:16:15,376 - Rotating Log - ERROR - Exception occured at Hypot execution: (-2147192831, None, ('ARI38XX: Instrument error detected.  Use ErrorQuery() to determine error(s).', 'ARI38XX.ARI38XX.1', None, 0, None))
2024-06-21 15:16:37,198 - Rotating Log - ERROR - Emergency Stop Used!
2024-06-21 15:16:37,230 - Rotating Log - ERROR - Emergency Stop Done!
2024-06-21 15:16:37,357 - Rotating Log - ERROR - Emergency Stop Done!
2024-06-21 15:17:47,311 - Rotating Log - ERROR - Connection to Laser Marker failed: [WinError 10061] No connection could be made because the target machine actively refused it
2024-06-21 15:17:53,857 - Rotating Log - ERROR - Exception occured at Hypot execution: (-2147192831, None, ('ARI38XX: Instrument error detected.  Use ErrorQuery() to determine error(s).', 'ARI38XX.ARI38XX.1', None, 0, None))
2024-06-21 15:17:58,922 - Rotating Log - ERROR - Exception occured at Hypot execution: (-2147192831, None, ('ARI38XX: Instrument error detected.  Use ErrorQuery() to determine error(s).', 'ARI38XX.ARI38XX.1', None, 0, None))
2024-06-21 15:18:02,870 - Rotating Log - ERROR - Exception occured at Hypot execution: (-2147192831, None, ('ARI38XX: Instrument error detected.  Use ErrorQuery() to determine error(s).', 'ARI38XX.ARI38XX.1', None, 0, None))
2024-06-21 15:18:05,556 - Rotating Log - ERROR - Exception occured at Hypot execution: (-2147192831, None, ('ARI38XX: Instrument error detected.  Use ErrorQuery() to determine error(s).', 'ARI38XX.ARI38XX.1', None, 0, None))
2024-06-21 15:18:41,307 - Rotating Log - ERROR - Exception occured at Hypot execution: (-2147192831, None, ('ARI38XX: Instrument error detected.  Use ErrorQuery() to determine error(s).', 'ARI38XX.ARI38XX.1', None, 0, None))
2024-06-21 15:18:46,389 - Rotating Log - ERROR - Exception occured at Hypot execution: (-2147192831, None, ('ARI38XX: Instrument error detected.  Use ErrorQuery() to determine error(s).', 'ARI38XX.ARI38XX.1', None, 0, None))
2024-06-21 15:19:05,706 - Rotating Log - ERROR - Connection to Laser Marker failed: [WinError 10061] No connection could be made because the target machine actively refused it
2024-06-21 15:19:09,639 - Rotating Log - ERROR - Connection to Laser Marker failed: [WinError 10061] No connection could be made because the target machine actively refused it
2024-06-21 15:44:18,323 - Rotating Log - ERROR - Connection to Laser Marker failed: [WinError 10061] No connection could be made because the target machine actively refused it
2024-06-21 15:45:07,784 - Rotating Log - ERROR - Emergency Stop Used!
2024-06-21 15:45:07,817 - Rotating Log - ERROR - Emergency Stop Done!
2024-06-21 15:45:07,944 - Rotating Log - ERROR - Emergency Stop Done!
2024-06-21 15:45:30,807 - Rotating Log - ERROR - Connection to Laser Marker failed: [WinError 10061] No connection could be made because the target machine actively refused it
2024-06-21 15:45:35,156 - Rotating Log - ERROR - Emergency Stop Used!
2024-06-21 15:45:35,198 - Rotating Log - ERROR - Emergency Stop Done!
2024-06-21 15:45:35,326 - Rotating Log - ERROR - Emergency Stop Done!
2024-06-21 15:45:59,291 - Rotating Log - ERROR - Connection to Laser Marker failed: [WinError 10061] No connection could be made because the target machine actively refused it
2024-06-21 15:46:03,165 - Rotating Log - ERROR - Emergency Stop Used!
2024-06-21 15:46:03,202 - Rotating Log - ERROR - Emergency Stop Done!
2024-06-21 15:46:03,330 - Rotating Log - ERROR - Emergency Stop Done!
2024-06-21 15:46:18,467 - Rotating Log - ERROR - Connection to Laser Marker failed: [WinError 10061] No connection could be made because the target machine actively refused it
2024-06-21 15:46:22,529 - Rotating Log - ERROR - Emergency Stop Used!
2024-06-21 15:46:22,571 - Rotating Log - ERROR - Emergency Stop Done!
2024-06-21 15:46:22,699 - Rotating Log - ERROR - Emergency Stop Done!
2024-06-21 15:46:52,769 - Rotating Log - ERROR - Connection to Laser Marker failed: [WinError 10061] No connection could be made because the target machine actively refused it
2024-06-21 15:46:56,570 - Rotating Log - ERROR - Emergency Stop Used!
2024-06-21 15:46:56,623 - Rotating Log - ERROR - Emergency Stop Done!
2024-06-21 15:46:56,734 - Rotating Log - ERROR - Emergency Stop Done!
2024-06-21 15:47:07,410 - Rotating Log - ERROR - Connection to Laser Marker failed: [WinError 10061] No connection could be made because the target machine actively refused it
2024-06-21 15:47:12,114 - Rotating Log - ERROR - Emergency Stop Used!
2024-06-21 15:47:12,166 - Rotating Log - ERROR - Emergency Stop Done!
2024-06-21 15:47:12,278 - Rotating Log - ERROR - Emergency Stop Done!
2024-06-21 15:47:21,848 - Rotating Log - ERROR - Connection to Laser Marker failed: [WinError 10061] No connection could be made because the target machine actively refused it
2024-06-21 15:47:30,101 - Rotating Log - ERROR - Emergency Stop Used!
2024-06-21 15:47:30,138 - Rotating Log - ERROR - Emergency Stop Done!
2024-06-21 15:47:30,265 - Rotating Log - ERROR - Emergency Stop Done!
2024-06-21 15:47:40,636 - Rotating Log - ERROR - Connection to Laser Marker failed: [WinError 10061] No connection could be made because the target machine actively refused it
2024-06-21 15:48:01,932 - Rotating Log - ERROR - Emergency Stop Used!
2024-06-21 15:48:01,970 - Rotating Log - ERROR - Emergency Stop Done!
2024-06-21 15:48:02,098 - Rotating Log - ERROR - Emergency Stop Done!
2024-06-21 15:48:12,979 - Rotating Log - ERROR - Connection to Laser Marker failed: [WinError 10061] No connection could be made because the target machine actively refused it
2024-06-21 15:48:32,443 - Rotating Log - ERROR - Emergency Stop Used!
2024-06-21 15:48:32,491 - Rotating Log - ERROR - Emergency Stop Done!
2024-06-21 15:48:32,620 - Rotating Log - ERROR - Emergency Stop Done!
2024-06-21 15:48:48,123 - Rotating Log - ERROR - Connection to Laser Marker failed: [WinError 10061] No connection could be made because the target machine actively refused it
2024-06-21 15:48:53,333 - Rotating Log - ERROR - Emergency Stop Used!
2024-06-21 15:48:53,364 - Rotating Log - ERROR - Emergency Stop Done!
2024-06-21 15:48:53,492 - Rotating Log - ERROR - Emergency Stop Done!
2024-06-21 15:48:59,587 - Rotating Log - ERROR - Connection to Laser Marker failed: [WinError 10061] No connection could be made because the target machine actively refused it
2024-06-21 15:49:27,227 - Rotating Log - ERROR - Emergency Stop Used!
2024-06-21 15:49:27,272 - Rotating Log - ERROR - Emergency Stop Done!
2024-06-21 15:49:27,400 - Rotating Log - ERROR - Emergency Stop Done!
2024-06-21 15:49:45,111 - Rotating Log - ERROR - Connection to Laser Marker failed: [WinError 10061] No connection could be made because the target machine actively refused it
2024-06-21 15:50:01,619 - Rotating Log - ERROR - Emergency Stop Used!
2024-06-21 15:50:01,652 - Rotating Log - ERROR - Emergency Stop Done!
2024-06-21 15:50:01,796 - Rotating Log - ERROR - Emergency Stop Done!
2024-06-21 15:51:35,962 - Rotating Log - ERROR - Connection to Laser Marker failed: [WinError 10061] No connection could be made because the target machine actively refused it
2024-06-21 15:52:12,407 - Rotating Log - ERROR - Exception occured at Hypot execution: (-2147192831, None, ('ARI38XX: Instrument error detected.  Use ErrorQuery() to determine error(s).', 'ARI38XX.ARI38XX.1', None, 0, None))
2024-06-21 15:52:17,425 - Rotating Log - ERROR - Exception occured at Hypot execution: (-2147192831, None, ('ARI38XX: Instrument error detected.  Use ErrorQuery() to determine error(s).', 'ARI38XX.ARI38XX.1', None, 0, None))
2024-06-21 15:52:21,389 - Rotating Log - ERROR - Exception occured at Hypot execution: (-2147192831, None, ('ARI38XX: Instrument error detected.  Use ErrorQuery() to determine error(s).', 'ARI38XX.ARI38XX.1', None, 0, None))
2024-06-21 15:52:24,089 - Rotating Log - ERROR - Exception occured at Hypot execution: (-2147192831, None, ('ARI38XX: Instrument error detected.  Use ErrorQuery() to determine error(s).', 'ARI38XX.ARI38XX.1', None, 0, None))
2024-06-21 15:52:52,310 - Rotating Log - ERROR - Emergency Stop Used!
2024-06-21 15:52:52,350 - Rotating Log - ERROR - Emergency Stop Done!
2024-06-21 15:52:52,478 - Rotating Log - ERROR - Emergency Stop Done!
2024-06-21 15:55:19,801 - Rotating Log - ERROR - Connection to Laser Marker failed: [WinError 10061] No connection could be made because the target machine actively refused it
2024-06-21 15:55:27,467 - Rotating Log - ERROR - Exception occured at Hypot execution: (-2147192831, None, ('ARI38XX: Instrument error detected.  Use ErrorQuery() to determine error(s).', 'ARI38XX.ARI38XX.1', None, 0, None))
2024-06-21 15:55:32,549 - Rotating Log - ERROR - Exception occured at Hypot execution: (-2147192831, None, ('ARI38XX: Instrument error detected.  Use ErrorQuery() to determine error(s).', 'ARI38XX.ARI38XX.1', None, 0, None))
2024-06-21 15:55:36,512 - Rotating Log - ERROR - Exception occured at Hypot execution: (-2147192831, None, ('ARI38XX: Instrument error detected.  Use ErrorQuery() to determine error(s).', 'ARI38XX.ARI38XX.1', None, 0, None))
2024-06-21 15:55:39,198 - Rotating Log - ERROR - Exception occured at Hypot execution: (-2147192831, None, ('ARI38XX: Instrument error detected.  Use ErrorQuery() to determine error(s).', 'ARI38XX.ARI38XX.1', None, 0, None))
2024-06-21 16:16:47,461 - Rotating Log - ERROR - Emergency Stop Used!
2024-06-21 16:16:47,487 - Rotating Log - ERROR - Emergency Stop Done!
2024-06-21 16:16:47,615 - Rotating Log - ERROR - Emergency Stop Done!
2024-06-21 16:25:32,205 - Rotating Log - ERROR - Connection to Laser Marker failed: [WinError 10061] No connection could be made because the target machine actively refused it
2024-06-21 16:26:04,651 - Rotating Log - ERROR - Emergency Stop Used!
2024-06-21 16:26:04,694 - Rotating Log - ERROR - Emergency Stop Done!
2024-06-21 16:26:04,822 - Rotating Log - ERROR - Emergency Stop Done!
